d:\lm\test_demo\osal\vs2013\osal_simulate2\osal_simulate2\debug\vc120.pdb
d:\lm\test_demo\osal\vs2013\osal_simulate2\osal_simulate2\debug\vc120.idb
d:\lm\test_demo\osal\vs2013\osal_simulate2\osal_simulate2\debug\main.obj
d:\lm\test_demo\osal\vs2013\osal_simulate2\osal_simulate2\debug\osal_main.obj
d:\lm\test_demo\osal\vs2013\osal_simulate2\osal_simulate2\debug\print_task.obj
d:\lm\test_demo\osal\vs2013\osal_simulate2\osal_simulate2\debug\statistics_task.obj
d:\lm\test_demo\osal\vs2013\osal_simulate2\osal_simulate2\debug\timer.obj
d:\lm\test_demo\osal\vs2013\osal_simulate2\osal_simulate2\debug\osal.obj
d:\lm\test_demo\osal\vs2013\osal_simulate2\osal_simulate2\debug\osal_event.obj
d:\lm\test_demo\osal\vs2013\osal_simulate2\osal_simulate2\debug\osal_memory.obj
d:\lm\test_demo\osal\vs2013\osal_simulate2\osal_simulate2\debug\osal_msg.obj
d:\lm\test_demo\osal\vs2013\osal_simulate2\osal_simulate2\debug\osal_timer.obj
d:\lm\test_demo\osal\vs2013\osal_simulate2\debug\osal_simulate2.ilk
d:\lm\test_demo\osal\vs2013\osal_simulate2\debug\osal_simulate2.exe
d:\lm\test_demo\osal\vs2013\osal_simulate2\debug\osal_simulate2.pdb
d:\lm\test_demo\osal\vs2013\osal_simulate2\osal_simulate2\debug\osal_simulate2.tlog\cl.command.1.tlog
d:\lm\test_demo\osal\vs2013\osal_simulate2\osal_simulate2\debug\osal_simulate2.tlog\cl.read.1.tlog
d:\lm\test_demo\osal\vs2013\osal_simulate2\osal_simulate2\debug\osal_simulate2.tlog\cl.write.1.tlog
d:\lm\test_demo\osal\vs2013\osal_simulate2\osal_simulate2\debug\osal_simulate2.tlog\link.command.1.tlog
d:\lm\test_demo\osal\vs2013\osal_simulate2\osal_simulate2\debug\osal_simulate2.tlog\link.read.1.tlog
d:\lm\test_demo\osal\vs2013\osal_simulate2\osal_simulate2\debug\osal_simulate2.tlog\link.write.1.tlog
